2026-02-11 07:26:06 +00:00: PostgreSQL connection error: connect EHOSTUNREACH 10.10.11.129:6432
2026-02-11 07:26:06 +00:00: Redis error (PID: 1312): connect EHOSTUNREACH 10.10.11.129:6379
2026-02-11 07:26:12 +00:00: Redis error (PID: 1312): connect EHOSTUNREACH 10.10.11.129:6379
2026-02-11 07:26:15 +00:00: Redis error (PID: 1312): connect EHOSTUNREACH 10.10.11.129:6379
2026-02-11 07:26:18 +00:00: Redis error (PID: 1312): connect EHOSTUNREACH 10.10.11.129:6379
2026-02-11 07:26:21 +00:00: Redis error (PID: 1312): connect EHOSTUNREACH 10.10.11.129:6379
2026-02-11 07:26:24 +00:00: Redis error (PID: 1312): connect EHOSTUNREACH 10.10.11.129:6379
2026-02-11 07:26:27 +00:00: Redis error (PID: 1312): connect EHOSTUNREACH 10.10.11.129:6379
2026-02-11 07:26:30 +00:00: Redis error (PID: 1312): connect EHOSTUNREACH 10.10.11.129:6379
2026-02-11 07:26:33 +00:00: Redis error (PID: 1312): connect EHOSTUNREACH 10.10.11.129:6379
2026-02-11 07:26:36 +00:00: Redis error (PID: 1312): connect EHOSTUNREACH 10.10.11.129:6379
2026-02-11 07:26:39 +00:00: Redis error (PID: 1312): connect EHOSTUNREACH 10.10.11.129:6379
2026-02-11 07:26:42 +00:00: Redis: Too many reconnection attempts, giving up
2026-02-11 07:26:42 +00:00: Redis error (PID: 1312): connect EHOSTUNREACH 10.10.11.129:6379
2026-02-11 07:26:42 +00:00: Failed to connect to Redis: Redis reconnection failed
2026-02-11 07:27:47 +00:00: ClientClosedError: The client is closed
2026-02-11 07:27:47 +00:00:     at RedisSocket.quit (/root/projects/backend-magang/node_modules/@redis/client/dist/lib/client/socket.js:264:19)
2026-02-11 07:27:47 +00:00:     at Class.QUIT (/root/projects/backend-magang/node_modules/@redis/client/dist/lib/client/index.js:895:35)
2026-02-11 07:27:47 +00:00:     at process.<anonymous> (/root/projects/backend-magang/src/services/redis.js:75:21)
2026-02-11 07:27:47 +00:00:     at process.emit (node:events:536:35)
2026-02-11 08:06:42 +00:00: Failed to insert photo record for 1770797192300-1524-314776555-Ai.jpg: Query read timeout
2026-02-11 08:06:42 +00:00: Failed to insert photo record for 1770797192300-1524-327245708-Ai.jpg: Query read timeout
2026-02-11 08:06:43 +00:00: Failed to insert photo record for 1770797193782-1524-331470200-Ai.jpg: Query read timeout
2026-02-11 08:06:43 +00:00: Failed to insert photo record for 1770797193782-1524-658840993-Ai.jpg: Query read timeout
2026-02-11 08:06:43 +00:00: Failed to insert photo record for 1770797193783-1524-37395115-Ai.jpg: Query read timeout
2026-02-11 08:06:46 +00:00: Failed to insert photo record for 1770797196021-1524-800207589-Ai.jpg: Query read timeout
2026-02-11 08:12:52 +00:00: Failed to insert photo record for 1770797562788-1524-632192536-Ai.jpg: Query read timeout
2026-02-11 08:12:52 +00:00: Failed to insert photo record for 1770797562788-1524-311728982-Ai.jpg: Query read timeout
2026-02-11 08:12:55 +00:00: Failed to insert photo record for 1770797564950-1524-315943951-Ai.jpg: Query read timeout
2026-02-11 08:15:01 +00:00: Failed to insert photo record for 1770797691252-1524-753845564-Ai.jpg: Query read timeout
2026-02-11 08:15:01 +00:00: Failed to insert photo record for 1770797691252-1524-116001086-Ai.jpg: Query read timeout
2026-02-11 08:15:02 +00:00: Failed to insert photo record for 1770797692458-1524-771586558-Ai.jpg: Query read timeout
2026-02-11 08:15:02 +00:00: Failed to insert photo record for 1770797692458-1524-60304143-Ai.jpg: Query read timeout
2026-02-11 08:15:02 +00:00: Failed to insert photo record for 1770797692458-1524-899676622-Ai.jpg: Query read timeout
2026-02-11 08:15:04 +00:00: Failed to insert photo record for 1770797694210-1524-467036025-Ai.jpg: Query read timeout
2026-02-11 08:15:04 +00:00: Failed to insert photo record for 1770797694210-1524-409587827-Ai.jpg: Query read timeout
2026-02-11 08:15:04 +00:00: Failed to insert photo record for 1770797694210-1524-234643434-Ai.jpg: Query read timeout
2026-02-11 08:15:04 +00:00: Failed to insert photo record for 1770797694529-1524-726442331-Ai.jpg: Query read timeout
2026-02-11 08:15:04 +00:00: Failed to insert photo record for 1770797694529-1524-405586747-Ai.jpg: Query read timeout
2026-02-11 08:15:04 +00:00: Failed to insert photo record for 1770797694529-1524-892039207-Ai.jpg: Query read timeout
2026-02-11 08:15:05 +00:00: Failed to insert photo record for 1770797695028-1524-942494086-Ai.jpg: Query read timeout
2026-02-11 08:15:05 +00:00: Failed to insert photo record for 1770797695028-1524-104721457-Ai.jpg: Query read timeout
2026-02-11 08:31:19 +00:00: Failed to upload Ai.jpg to MinIO: The specified bucket does not exist
2026-02-11 08:31:19 +00:00: Failed to upload Ai.jpg to MinIO: The specified bucket does not exist
2026-02-11 08:31:19 +00:00: Failed to upload Ai.jpg to MinIO: The specified bucket does not exist
2026-02-11 08:31:19 +00:00: Some uploads failed: [
2026-02-11 08:31:19 +00:00:   {
2026-02-11 08:31:19 +00:00:     status: 'fulfilled',
2026-02-11 08:31:19 +00:00:     value: {
2026-02-11 08:31:19 +00:00:       objectName: 'Ai.jpg',
2026-02-11 08:31:19 +00:00:       success: false,
2026-02-11 08:31:19 +00:00:       error: 'The specified bucket does not exist'
2026-02-11 08:31:19 +00:00:     }
2026-02-11 08:31:19 +00:00:   },
2026-02-11 08:31:19 +00:00:   {
2026-02-11 08:31:19 +00:00:     status: 'fulfilled',
2026-02-11 08:31:19 +00:00:     value: {
2026-02-11 08:31:19 +00:00:       objectName: 'Ai.jpg',
2026-02-11 08:31:19 +00:00:       success: false,
2026-02-11 08:31:19 +00:00:       error: 'The specified bucket does not exist'
2026-02-11 08:31:19 +00:00:     }
2026-02-11 08:31:19 +00:00:   },
2026-02-11 08:31:19 +00:00:   {
2026-02-11 08:31:19 +00:00:     status: 'fulfilled',
2026-02-11 08:31:19 +00:00:     value: {
2026-02-11 08:31:19 +00:00:       objectName: 'Ai.jpg',
2026-02-11 08:31:19 +00:00:       success: false,
2026-02-11 08:31:19 +00:00:       error: 'The specified bucket does not exist'
2026-02-11 08:31:19 +00:00:     }
2026-02-11 08:31:19 +00:00:   }
2026-02-11 08:31:19 +00:00: ]
2026-02-11 08:46:20 +00:00: Failed to insert photo record for 1770799570598-1908-734500325-Ai.jpg: Query read timeout
2026-02-11 08:46:20 +00:00: Failed to insert photo record for 1770799570598-1908-46264418-Ai.jpg: Query read timeout
2026-02-11 08:46:20 +00:00: Failed to insert photo record for 1770799570598-1908-976863169-Ai.jpg: Query read timeout
2026-02-11 08:46:20 +00:00: Failed to insert photo record for 1770799570816-1908-724327822-Ai.jpg: Query read timeout
2026-02-11 08:46:20 +00:00: Failed to insert photo record for 1770799570816-1908-392074465-Ai.jpg: Query read timeout
2026-02-11 08:46:20 +00:00: Failed to insert photo record for 1770799570816-1908-42904651-Ai.jpg: Query read timeout
2026-02-11 08:46:35 +00:00: Create report error: Query read timeout
2026-02-11 08:46:35 +00:00: Create report error: Query read timeout
2026-02-11 08:46:40 +00:00: Error: Operation timeout
2026-02-11 08:46:40 +00:00:     at Timeout._onTimeout (/root/projects/backend-magang/src/controllers/reportController.js:25:13)
2026-02-11 08:46:40 +00:00:     at listOnTimeout (node:internal/timers:581:17)
2026-02-11 08:46:40 +00:00:     at process.processTimers (node:internal/timers:519:7)
2026-02-11 09:00:19 +00:00: Create report error: Query read timeout
2026-02-11 09:00:20 +00:00: Create report error: Query read timeout
2026-02-11 09:00:26 +00:00: Create report error: Query read timeout
2026-02-11 09:00:48 +00:00: Create report error: Query read timeout
2026-02-11 09:02:06 +00:00: Unexpected PostgreSQL pool error: Connection terminated unexpectedly
2026-02-11 09:12:12 +00:00: Create report error: Query read timeout
2026-02-11 09:12:22 +00:00: Create report error: Query read timeout
2026-02-11 09:12:23 +00:00: Create report error: Query read timeout
2026-02-11 09:12:28 +00:00: Create report error: Query read timeout
2026-02-11 09:12:48 +00:00: Create report error: Query read timeout
2026-02-11 09:14:08 +00:00: Unexpected PostgreSQL pool error: Connection terminated unexpectedly
2026-02-11 09:24:19 +00:00: Unexpected PostgreSQL pool error: terminating connection due to administrator command
2026-02-11 09:24:19 +00:00: Unexpected PostgreSQL pool error: terminating connection due to administrator command
2026-02-11 09:24:19 +00:00: Unexpected PostgreSQL pool error: terminating connection due to administrator command
